Build started 4/4/2014 9:03:34 PM.
     1>Project "F:\M.$aM!r\SimualtedBullyAlgorithm\SimualtedBullyAlgorithm\SimualtedBullyAlgorithm.vcxproj" on node 2 (build target(s)).
     1>InitializeBuildStatus:
         Creating "Debug\SimualtedBullyAlgorithm.unsuccessfulbuild" because "AlwaysCreate" was specified.
       ClCompile:
         C:\Program Files (x86)\Microsoft Visual Studio 10.0\VC\bin\CL.exe /c /ZI /nologo /W3 /WX- /Od /Oy- /D WIN32 /D _DEBUG /D _CONSOLE /D _UNICODE /D UNICODE /Gm /EHsc /RTC1 /MDd /GS /fp:precise /Zc:wchar_t /Zc:forScope /Fo"Debug\\" /Fd"Debug\vc100.pdb" /Gd /TP /analyze- /errorReport:prompt main.cpp
         main.cpp
     1>f:\m.$am!r\simualtedbullyalgorithm\simualtedbullyalgorithm\main.cpp(17): warning C4244: 'initializing' : conversion from 'time_t' to 'double', possible loss of data
     1>f:\m.$am!r\simualtedbullyalgorithm\simualtedbullyalgorithm\main.cpp(26): warning C4244: 'initializing' : conversion from 'time_t' to 'double', possible loss of data
     1>f:\m.$am!r\simualtedbullyalgorithm\simualtedbullyalgorithm\main.cpp(34): warning C4244: '=' : conversion from 'time_t' to 'double', possible loss of data
       ManifestResourceCompile:
         All outputs are up-to-date.
       Link:
         C:\Program Files (x86)\Microsoft Visual Studio 10.0\VC\bin\link.exe /ERRORREPORT:PROMPT /OUT:"F:\M.$aM!r\SimualtedBullyAlgorithm\Debug\SimualtedBullyAlgorithm.exe" /INCREMENTAL /NOLOGO kernel32.lib user32.lib gdi32.lib winspool.lib comdlg32.lib advapi32.lib shell32.lib ole32.lib oleaut32.lib uuid.lib odbc32.lib odbccp32.lib /MANIFEST /ManifestFile:"Debug\SimualtedBullyAlgorithm.exe.intermediate.manifest" /MANIFESTUAC:"level='asInvoker' uiAccess='false'" /DEBUG /PDB:"F:\M.$aM!r\SimualtedBullyAlgorithm\Debug\SimualtedBullyAlgorithm.pdb" /SUBSYSTEM:CONSOLE /TLBID:1 /DYNAMICBASE /NXCOMPAT /IMPLIB:"F:\M.$aM!r\SimualtedBullyAlgorithm\Debug\SimualtedBullyAlgorithm.lib" /MACHINE:X86 Debug\SimualtedBullyAlgorithm.exe.embed.manifest.res
         Debug\ElectableNode.obj
         Debug\main.obj
         Debug\Message.obj
         Debug\MessageRouter.obj
       Manifest:
         C:\Program Files (x86)\Microsoft SDKs\Windows\v7.0A\bin\mt.exe /nologo /verbose /out:"Debug\SimualtedBullyAlgorithm.exe.embed.manifest" /manifest Debug\SimualtedBullyAlgorithm.exe.intermediate.manifest
         All outputs are up-to-date.
       LinkEmbedManifest:
         All outputs are up-to-date.
         SimualtedBullyAlgorithm.vcxproj -> F:\M.$aM!r\SimualtedBullyAlgorithm\Debug\SimualtedBullyAlgorithm.exe
       FinalizeBuildStatus:
         Deleting file "Debug\SimualtedBullyAlgorithm.unsuccessfulbuild".
         Touching "Debug\SimualtedBullyAlgorithm.lastbuildstate".
     1>Done Building Project "F:\M.$aM!r\SimualtedBullyAlgorithm\SimualtedBullyAlgorithm\SimualtedBullyAlgorithm.vcxproj" (build target(s)).

Build succeeded.

Time Elapsed 00:00:00.59
