C:\USERS\MUHAMMAD SAMIR\DOCUMENTS\VISUAL STUDIO 2010\PROJECTS\SIMUALTEDBULLYALGORITHM\DEBUG\SIMUALTEDBULLYALGORITHM.EXE
C:\USERS\MUHAMMAD SAMIR\DOCUMENTS\VISUAL STUDIO 2010\PROJECTS\SIMUALTEDBULLYALGORITHM\DEBUG\SIMUALTEDBULLYALGORITHM.ILK
C:\USERS\MUHAMMAD SAMIR\DOCUMENTS\VISUAL STUDIO 2010\PROJECTS\SIMUALTEDBULLYALGORITHM\DEBUG\SIMUALTEDBULLYALGORITHM.PDB
C:\USERS\MUHAMMAD SAMIR\DOCUMENTS\VISUAL STUDIO 2010\PROJECTS\SIMUALTEDBULLYALGORITHM\SIMUALTEDBULLYALGORITHM\DEBUG\ABSTRACTELECTABLE.OBJ
C:\USERS\MUHAMMAD SAMIR\DOCUMENTS\VISUAL STUDIO 2010\PROJECTS\SIMUALTEDBULLYALGORITHM\SIMUALTEDBULLYALGORITHM\DEBUG\ELECTABLENODE.OBJ
C:\USERS\MUHAMMAD SAMIR\DOCUMENTS\VISUAL STUDIO 2010\PROJECTS\SIMUALTEDBULLYALGORITHM\SIMUALTEDBULLYALGORITHM\DEBUG\MAIN.OBJ
C:\USERS\MUHAMMAD SAMIR\DOCUMENTS\VISUAL STUDIO 2010\PROJECTS\SIMUALTEDBULLYALGORITHM\SIMUALTEDBULLYALGORITHM\DEBUG\MESSAGE.OBJ
C:\USERS\MUHAMMAD SAMIR\DOCUMENTS\VISUAL STUDIO 2010\PROJECTS\SIMUALTEDBULLYALGORITHM\SIMUALTEDBULLYALGORITHM\DEBUG\MESSAGEROUTER.OBJ
C:\USERS\MUHAMMAD SAMIR\DOCUMENTS\VISUAL STUDIO 2010\PROJECTS\SIMUALTEDBULLYALGORITHM\SIMUALTEDBULLYALGORITHM\DEBUG\SIMUALTEDBULLYALGORITHM.EXE.EMBED.MANIFEST
C:\USERS\MUHAMMAD SAMIR\DOCUMENTS\VISUAL STUDIO 2010\PROJECTS\SIMUALTEDBULLYALGORITHM\SIMUALTEDBULLYALGORITHM\DEBUG\SIMUALTEDBULLYALGORITHM.EXE.EMBED.MANIFEST.RES
C:\USERS\MUHAMMAD SAMIR\DOCUMENTS\VISUAL STUDIO 2010\PROJECTS\SIMUALTEDBULLYALGORITHM\SIMUALTEDBULLYALGORITHM\DEBUG\SIMUALTEDBULLYALGORITHM.EXE.INTERMEDIATE.MANIFEST
C:\USERS\MUHAMMAD SAMIR\DOCUMENTS\VISUAL STUDIO 2010\PROJECTS\SIMUALTEDBULLYALGORITHM\SIMUALTEDBULLYALGORITHM\DEBUG\VC100.PDB
F:\M.$aM!r\SimualtedBullyAlgorithm\Debug\SimualtedBullyAlgorithm.exe
F:\M.$aM!r\SimualtedBullyAlgorithm\Debug\SimualtedBullyAlgorithm.ilk
F:\M.$aM!r\SimualtedBullyAlgorithm\Debug\SimualtedBullyAlgorithm.pdb
F:\M.$aM!r\SimualtedBullyAlgorithm\SimualtedBullyAlgorithm\Debug\cl.command.1.tlog
F:\M.$aM!r\SimualtedBullyAlgorithm\SimualtedBullyAlgorithm\Debug\CL.read.1.tlog
F:\M.$aM!r\SimualtedBullyAlgorithm\SimualtedBullyAlgorithm\Debug\CL.write.1.tlog
F:\M.$aM!r\SimualtedBullyAlgorithm\SimualtedBullyAlgorithm\Debug\ElectableNode.obj
F:\M.$aM!r\SimualtedBullyAlgorithm\SimualtedBullyAlgorithm\Debug\link.7716.read.1.tlog
F:\M.$aM!r\SimualtedBullyAlgorithm\SimualtedBullyAlgorithm\Debug\link.7716.write.1.tlog
F:\M.$aM!r\SimualtedBullyAlgorithm\SimualtedBullyAlgorithm\Debug\link.7716-cvtres.read.1.tlog
F:\M.$aM!r\SimualtedBullyAlgorithm\SimualtedBullyAlgorithm\Debug\link.7716-cvtres.write.1.tlog
F:\M.$aM!r\SimualtedBullyAlgorithm\SimualtedBullyAlgorithm\Debug\link.command.1.tlog
F:\M.$aM!r\SimualtedBullyAlgorithm\SimualtedBullyAlgorithm\Debug\link.read.1.tlog
F:\M.$aM!r\SimualtedBullyAlgorithm\SimualtedBullyAlgorithm\Debug\link.write.1.tlog
F:\M.$aM!r\SimualtedBullyAlgorithm\SimualtedBullyAlgorithm\Debug\link-cvtres.read.1.tlog
F:\M.$aM!r\SimualtedBullyAlgorithm\SimualtedBullyAlgorithm\Debug\link-cvtres.write.1.tlog
F:\M.$aM!r\SimualtedBullyAlgorithm\SimualtedBullyAlgorithm\Debug\main.obj
F:\M.$aM!r\SimualtedBullyAlgorithm\SimualtedBullyAlgorithm\Debug\Message.obj
F:\M.$aM!r\SimualtedBullyAlgorithm\SimualtedBullyAlgorithm\Debug\MessageRouter.obj
F:\M.$aM!r\SimualtedBullyAlgorithm\SimualtedBullyAlgorithm\Debug\mt.command.1.tlog
F:\M.$aM!r\SimualtedBullyAlgorithm\SimualtedBullyAlgorithm\Debug\mt.read.1.tlog
F:\M.$aM!r\SimualtedBullyAlgorithm\SimualtedBullyAlgorithm\Debug\mt.write.1.tlog
F:\M.$aM!r\SimualtedBullyAlgorithm\SimualtedBullyAlgorithm\Debug\rc.command.1.tlog
F:\M.$aM!r\SimualtedBullyAlgorithm\SimualtedBullyAlgorithm\Debug\rc.read.1.tlog
F:\M.$aM!r\SimualtedBullyAlgorithm\SimualtedBullyAlgorithm\Debug\rc.write.1.tlog
F:\M.$aM!r\SimualtedBullyAlgorithm\SimualtedBullyAlgorithm\Debug\SimualtedBullyAlgorithm.exe.embed.manifest
F:\M.$aM!r\SimualtedBullyAlgorithm\SimualtedBullyAlgorithm\Debug\SimualtedBullyAlgorithm.exe.embed.manifest.res
F:\M.$aM!r\SimualtedBullyAlgorithm\SimualtedBullyAlgorithm\Debug\SimualtedBullyAlgorithm.exe.intermediate.manifest
F:\M.$aM!r\SimualtedBullyAlgorithm\SimualtedBullyAlgorithm\Debug\SimualtedBullyAlgorithm.vcxprojResolveAssemblyReference.cache
F:\M.$aM!r\SimualtedBullyAlgorithm\SimualtedBullyAlgorithm\Debug\SimualtedBullyAlgorithm.write.1.tlog
F:\M.$aM!r\SimualtedBullyAlgorithm\SimualtedBullyAlgorithm\Debug\SimualtedBullyAlgorithm_manifest.rc
F:\M.$aM!r\SimualtedBullyAlgorithm\SimualtedBullyAlgorithm\Debug\vc100.idb
F:\M.$aM!r\SimualtedBullyAlgorithm\SimualtedBullyAlgorithm\Debug\vc100.pdb
